<?xml version="1.0" encoding="UTF-8"?>
<beans xmlns="http://www.springframework.org/schema/beans"
	xmlns:xsi="http://www.w3.org/2001/XMLSchema-instance" xmlns:context="http://www.springframework.org/schema/context"
	xmlns:tx="http://www.springframework.org/schema/tx" xmlns:task="http://www.springframework.org/schema/task"
	xmlns:cache="http://www.springframework.org/schema/cache" xmlns:websocket="http://www.springframework.org/schema/websocket"
	xmlns:facebook="http://www.springframework.org/schema/social/facebook"
	xmlns:thmb="http://www.prime.in.th/schema/web/thumbnailator"
	xsi:schemaLocation="
		http://www.springframework.org/schema/beans 
		http://www.springframework.org/schema/beans/spring-beans-4.2.xsd
		http://www.springframework.org/schema/context
		http://www.springframework.org/schema/context/spring-context-4.2.xsd
		http://www.springframework.org/schema/tx 
       http://www.springframework.org/schema/tx/spring-tx-4.2.xsd
       http://www.springframework.org/schema/aop 
       http://www.springframework.org/schema/aop/spring-aop-4.2.xsd
       http://www.springframework.org/schema/task
       http://www.springframework.org/schema/task/spring-task-4.2.xsd
       http://www.springframework.org/schema/cache 
       http://www.springframework.org/schema/cache/spring-cache-4.2.xsd
       http://www.springframework.org/schema/websocket
       http://www.springframework.org/schema/websocket/spring-websocket-4.2.xsd
       http://www.prime.in.th/schema/web/thumbnailator
       http://www.prime.in.th/schema/web/thumbnailator.xsd
       ">

<!-- 	<cache:annotation-driven />

	<bean id="cacheManager" class="org.springframework.cache.ehcache.EhCacheCacheManager">
		<property name="cacheManager" ref="ehcache" />
	</bean>
	<bean id="ehcache"
		class="org.springframework.cache.ehcache.EhCacheManagerFactoryBean">
		<property name="configLocation" value="classpath:ehcache.xml" />
	</bean> -->
	
	<bean class="org.springframework.beans.factory.config.PropertyPlaceholderConfigurer">
			<property name="location">
				<value>classpath:test.properties</value>
			</property>
		</bean>
		
		
	<task:annotation-driven executor="taskExecutor" />
	<task:scheduler id="taskScheduler" pool-size="10" />
	<task:executor id="taskExecutor" pool-size="5" 	queue-capacity="10" />

	<!-- <context:component-scan base-package="io.prime">
		 <context:exclude-filter type="annotation" expression="org.springframework.stereotype.Controller"/>
		 <context:exclude-filter type="annotation" expression="org.springframework.web.bind.annotation.ControllerAdvice"/>
	</context:component-scan> -->
	
	<!-- <context:annotation-config />
	<context:spring-configured /> -->

	<!-- <context:load-time-weaver aspectj-weaving="on" weaver-class="org.springframework.instrument.classloading.ReflectiveLoadTimeWeaver" 
		/> -->
		
	<thmb:web-thumbnailer source-image-directory="classpath:assets/img-src" filtered-image-directory="classpath:assets/img-filter" base-url="/image" />
	
</beans>